<?xml version="1.0" encoding="UTF-8"?>
<!-- Generated by org.testng.reporters.JUnitXMLReporter -->
<testsuite ignored="1" hostname="Abhi" failures="0" tests="3" name="TestChrome" time="26.47" errors="0" timestamp="2024-05-03T08:47:59 IST">
  <testcase classname="com.LoginTest.TestTC_001" name="verifyTC_001" time="0.333"/>
  <testcase classname="com.LoginTest.TestTC_001" name="verifyTC_002" time="0.217"/>
  <testcase classname="com.LoginTest.Register_Abhi" name="Register" time="5.035"/>
  <testcase classname="com.Utility.BaseClass" name="@BeforeSuite initilizationsetUp" time="0.0">
    <ignored/>
  </testcase> <!-- @BeforeSuite initilizationsetUp -->
</testsuite> <!-- TestChrome -->
