<?xml version="1.0" encoding="UTF-8"?>
<!-- Generated by org.testng.reporters.JUnitXMLReporter -->
<testsuite ignored="0" hostname="Abhi" failures="1" tests="1" name="Test" time="16.558" errors="0" timestamp="2024-05-03T08:43:19 IST">
  <testcase classname="com.LoginTest.Register_Abhi" name="Register" time="2.227">
    <failure type="java.lang.NullPointerException" message="Cannot invoke &amp;quot;com.aventstack.extentreports.ExtentTest.log(com.aventstack.extentreports.Status, String)&amp;quot; because &amp;quot;com.Utility.Library.test&amp;quot; is null">
      <![CDATA[java.lang.NullPointerException: Cannot invoke "com.aventstack.extentreports.ExtentTest.log(com.aventstack.extentreports.Status, String)" because "com.Utility.Library.test" is null
at com.Utility.Library.custom_Click(Library.java:30)
at com.LoginTest.Register_Abhi.Register(Register_Abhi.java:20)
at java.base/java.util.ArrayList.forEach(ArrayList.java:1511)
... Removed 27 stack frames]]>
    </failure>
  </testcase> <!-- Register -->
</testsuite> <!-- Test -->
