<?xml version="1.0" encoding="UTF-8"?>
<testng-results ignored="0" total="1" passed="1" failed="0" skipped="0">
  <reporter-output>
  </reporter-output>
  <suite started-at="2024-05-03T18:49:41 IST" name="Suite" finished-at="2024-05-03T18:49:55 IST" duration-ms="14204">
    <groups>
    </groups>
    <test started-at="2024-05-03T18:49:41 IST" name="TestChrome" finished-at="2024-05-03T18:49:55 IST" duration-ms="14204">
      <class name="com.LoginTest.Registeruser12">
        <test-method is-config="true" signature="initilizationsetUp()[pri:0, instance:com.LoginTest.Registeruser12@64b0598]" started-at="2024-05-03T18:49:40 IST" name="initilizationsetUp" finished-at="2024-05-03T18:49:41 IST" duration-ms="679" status="PASS">
          <reporter-output>
          </reporter-output>
        </test-method> <!-- initilizationsetUp -->
        <test-method is-config="true" signature="setUp(java.lang.String)[pri:0, instance:com.LoginTest.Registeruser12@64b0598]" started-at="2024-05-03T18:49:41 IST" name="setUp" finished-at="2024-05-03T18:49:51 IST" duration-ms="10299" status="PASS">
          <params>
            <param index="0">
              <value>
                <![CDATA[Chrome]]>
              </value>
            </param>
          </params>
          <reporter-output>
          </reporter-output>
        </test-method> <!-- setUp -->
        <test-method signature="verifyRegister()[pri:0, instance:com.LoginTest.Registeruser12@64b0598]" started-at="2024-05-03T18:49:51 IST" name="verifyRegister" finished-at="2024-05-03T18:49:55 IST" duration-ms="3670" status="PASS">
          <reporter-output>
          </reporter-output>
        </test-method> <!-- verifyRegister -->
        <test-method is-config="true" signature="tearDown()[pri:0, instance:com.LoginTest.Registeruser12@64b0598]" started-at="2024-05-03T18:49:55 IST" name="tearDown" finished-at="2024-05-03T18:49:55 IST" duration-ms="1" status="PASS">
          <reporter-output>
          </reporter-output>
        </test-method> <!-- tearDown -->
      </class> <!-- com.LoginTest.Registeruser12 -->
    </test> <!-- TestChrome -->
  </suite> <!-- Suite -->
</testng-results>
