<?xml version="1.0" encoding="UTF-8"?>
<testng-results ignored="0" total="3" passed="3" failed="0" skipped="0">
  <reporter-output>
  </reporter-output>
  <suite started-at="2024-05-03T08:47:32 IST" name="Suite" finished-at="2024-05-03T08:47:58 IST" duration-ms="26470">
    <groups>
    </groups>
    <test started-at="2024-05-03T08:47:32 IST" name="TestChrome" finished-at="2024-05-03T08:47:58 IST" duration-ms="26470">
      <class name="com.LoginTest.TestTC_001">
        <test-method is-config="true" signature="initilizationsetUp()[pri:0, instance:com.LoginTest.TestTC_001@6cc4cdb9]" started-at="2024-05-03T08:47:31 IST" name="initilizationsetUp" finished-at="2024-05-03T08:47:32 IST" duration-ms="1321" status="PASS">
          <reporter-output>
          </reporter-output>
        </test-method> <!-- initilizationsetUp -->
        <test-method is-config="true" signature="setUp(java.lang.String)[pri:0, instance:com.LoginTest.TestTC_001@6cc4cdb9]" started-at="2024-05-03T08:47:32 IST" name="setUp" finished-at="2024-05-03T08:47:39 IST" duration-ms="7079" status="PASS">
          <params>
            <param index="0">
              <value>
                <![CDATA[Chrome]]>
              </value>
            </param>
          </params>
          <reporter-output>
          </reporter-output>
        </test-method> <!-- setUp -->
        <test-method signature="verifyTC_001()[pri:0, instance:com.LoginTest.TestTC_001@6cc4cdb9]" started-at="2024-05-03T08:47:39 IST" name="verifyTC_001" finished-at="2024-05-03T08:47:39 IST" duration-ms="333" status="PASS">
          <reporter-output>
          </reporter-output>
        </test-method> <!-- verifyTC_001 -->
        <test-method is-config="true" signature="tearDown()[pri:0, instance:com.LoginTest.TestTC_001@6cc4cdb9]" started-at="2024-05-03T08:47:40 IST" name="tearDown" finished-at="2024-05-03T08:47:40 IST" duration-ms="463" status="PASS">
          <reporter-output>
          </reporter-output>
        </test-method> <!-- tearDown -->
        <test-method is-config="true" signature="setUp(java.lang.String)[pri:0, instance:com.LoginTest.TestTC_001@6cc4cdb9]" started-at="2024-05-03T08:47:40 IST" name="setUp" finished-at="2024-05-03T08:47:46 IST" duration-ms="5838" status="PASS">
          <params>
            <param index="0">
              <value>
                <![CDATA[Chrome]]>
              </value>
            </param>
          </params>
          <reporter-output>
          </reporter-output>
        </test-method> <!-- setUp -->
        <test-method signature="verifyTC_002()[pri:0, instance:com.LoginTest.TestTC_001@6cc4cdb9]" started-at="2024-05-03T08:47:46 IST" name="verifyTC_002" finished-at="2024-05-03T08:47:47 IST" duration-ms="217" status="PASS">
          <reporter-output>
          </reporter-output>
        </test-method> <!-- verifyTC_002 -->
        <test-method is-config="true" signature="tearDown()[pri:0, instance:com.LoginTest.TestTC_001@6cc4cdb9]" started-at="2024-05-03T08:47:47 IST" name="tearDown" finished-at="2024-05-03T08:47:47 IST" duration-ms="372" status="PASS">
          <reporter-output>
          </reporter-output>
        </test-method> <!-- tearDown -->
      </class> <!-- com.LoginTest.TestTC_001 -->
      <class name="com.LoginTest.Register_Abhi">
        <test-method is-config="true" signature="setUp(java.lang.String)[pri:0, instance:com.LoginTest.Register_Abhi@45efd90f]" started-at="2024-05-03T08:47:47 IST" name="setUp" finished-at="2024-05-03T08:47:53 IST" duration-ms="5323" status="PASS">
          <params>
            <param index="0">
              <value>
                <![CDATA[Chrome]]>
              </value>
            </param>
          </params>
          <reporter-output>
          </reporter-output>
        </test-method> <!-- setUp -->
        <test-method signature="Register()[pri:0, instance:com.LoginTest.Register_Abhi@45efd90f]" started-at="2024-05-03T08:47:53 IST" name="Register" finished-at="2024-05-03T08:47:58 IST" duration-ms="5035" status="PASS">
          <reporter-output>
          </reporter-output>
        </test-method> <!-- Register -->
        <test-method is-config="true" signature="tearDown()[pri:0, instance:com.LoginTest.Register_Abhi@45efd90f]" started-at="2024-05-03T08:47:58 IST" name="tearDown" finished-at="2024-05-03T08:47:58 IST" duration-ms="422" status="PASS">
          <reporter-output>
          </reporter-output>
        </test-method> <!-- tearDown -->
      </class> <!-- com.LoginTest.Register_Abhi -->
    </test> <!-- TestChrome -->
  </suite> <!-- Suite -->
</testng-results>
