<?xml version="1.0" encoding="UTF-8"?>
<!-- Generated by org.testng.reporters.JUnitXMLReporter -->
<testsuite ignored="0" hostname="DESKTOP-74IGKR4" failures="0" tests="2" name="CrossBrowserTestEdge" time="0.162" errors="0" timestamp="2024-05-02T18:09:30 IST">
  <testcase classname="com.LoginTest.TestTC_001" name="verifyTC_001" time="0.0">
    <skipped/>
  </testcase> <!-- verifyTC_001 -->
  <testcase classname="com.LoginTest.TestTC_001" name="verifyTC_002" time="0.0">
    <skipped/>
  </testcase> <!-- verifyTC_002 -->
</testsuite> <!-- CrossBrowserTestEdge -->
