<?xml version="1.0" encoding="UTF-8"?>
<!-- Generated by org.testng.reporters.JUnitXMLReporter -->
<testsuite ignored="0" hostname="LAPTOP-SNSCRD4F" failures="0" tests="1" name="CrossBrowserTestChrome" time="0.082" errors="0" timestamp="2024-05-02T18:14:39 IST">
  <testcase classname="com.Utility.BaseClass" name="@BeforeSuite initilizationsetUp" time="0.017">
    <failure type="java.io.FileNotFoundException" message="C:\Users\satpu\OneDrive\Desktop\GitHub_Framework\Batch24_Framework\TestData\Data.xlsx (The process cannot access the file because it is being used by another process)">
      <![CDATA[java.io.FileNotFoundException: C:\Users\satpu\OneDrive\Desktop\GitHub_Framework\Batch24_Framework\TestData\Data.xlsx (The process cannot access the file because it is being used by another process)
at java.base/java.io.FileInputStream.open0(Native Method)
at java.base/java.io.FileInputStream.open(FileInputStream.java:216)
at java.base/java.io.FileInputStream.<init>(FileInputStream.java:157)
at java.base/java.io.FileInputStream.<init>(FileInputStream.java:111)
at com.Utility.ExcleDataProvider.<init>(ExcleDataProvider.java:14)
at com.Utility.BaseClass.initilizationsetUp(BaseClass.java:23)
... Removed 17 stack frames]]>
    </failure>
  </testcase> <!-- @BeforeSuite initilizationsetUp -->
  <testcase classname="com.Utility.BaseClass" name="@BeforeMethod setUp" time="0.0">
    <skipped/>
  </testcase> <!-- @BeforeMethod setUp -->
  <testcase classname="com.Utility.BaseClass" name="@AfterMethod tearDown" time="0.0">
    <skipped/>
  </testcase> <!-- @AfterMethod tearDown -->
  <testcase classname="com.LoginTest.Tc_RegisterUser_Reshma" name="verifyTestCaseRegisterUser" time="0.0">
    <skipped/>
  </testcase> <!-- verifyTestCaseRegisterUser -->
</testsuite> <!-- CrossBrowserTestChrome -->
